c:\users\bread\dev\supersnapebox\game\release\game.pch
c:\users\bread\dev\supersnapebox\game\release\vc140.pdb
c:\users\bread\dev\supersnapebox\game\release\stdafx.obj
c:\users\bread\dev\supersnapebox\game\release\wizard.obj
c:\users\bread\dev\supersnapebox\game\release\tinyxmlparser.obj
c:\users\bread\dev\supersnapebox\game\release\tinyxmlerror.obj
c:\users\bread\dev\supersnapebox\game\release\tinyxml.obj
c:\users\bread\dev\supersnapebox\game\release\tinystr.obj
c:\users\bread\dev\supersnapebox\game\release\projectile.obj
c:\users\bread\dev\supersnapebox\game\release\powerup.obj
c:\users\bread\dev\supersnapebox\game\release\platform.obj
c:\users\bread\dev\supersnapebox\game\release\main.obj
c:\users\bread\dev\supersnapebox\game\release\gamewindow.obj
c:\users\bread\dev\supersnapebox\game\release\gamemanager.obj
c:\users\bread\dev\supersnapebox\game\release\entity.obj
c:\users\bread\dev\supersnapebox\game\release\enemy.obj
c:\users\bread\dev\supersnapebox\game\release\directsound.obj
c:\users\bread\dev\supersnapebox\game\release\game.res
c:\users\bread\dev\supersnapebox\game\release\game.tlog\cl.command.1.tlog
c:\users\bread\dev\supersnapebox\game\release\game.tlog\cl.read.1.tlog
c:\users\bread\dev\supersnapebox\game\release\game.tlog\cl.write.1.tlog
c:\users\bread\dev\supersnapebox\game\release\game.tlog\link.command.1.tlog
c:\users\bread\dev\supersnapebox\game\release\game.tlog\link.read.1.tlog
c:\users\bread\dev\supersnapebox\game\release\game.tlog\link.write.1.tlog
c:\users\bread\dev\supersnapebox\game\release\game.tlog\rc.command.1.tlog
c:\users\bread\dev\supersnapebox\game\release\game.tlog\rc.read.1.tlog
c:\users\bread\dev\supersnapebox\game\release\game.tlog\rc.write.1.tlog
