Build started 10/15/2012 4:59:12 PM.
     1>Project "C:\Users\Crunchy\Dropbox\C++\SnapeSimulator2012\game\game.vcxproj" on node 2 (build target(s)).
     1>InitializeBuildStatus:
         Creating "Debug\game.unsuccessfulbuild" because "AlwaysCreate" was specified.
       ClCompile:
         All outputs are up-to-date.
         All outputs are up-to-date.
         All outputs are up-to-date.
       ResourceCompile:
         All outputs are up-to-date.
       ManifestResourceCompile:
         All outputs are up-to-date.
       Link:
         All outputs are up-to-date.
       Manifest:
         All outputs are up-to-date.
       FinalizeBuildStatus:
         Deleting file "Debug\game.unsuccessfulbuild".
         Touching "Debug\game.lastbuildstate".
     1>Done Building Project "C:\Users\Crunchy\Dropbox\C++\SnapeSimulator2012\game\game.vcxproj" (build target(s)).

Build succeeded.

Time Elapsed 00:00:00.50
